TN:
SF:/home/dimo/git/mist-list/mist-check.js
FN:114,(anonymous_0)
FNF:1
FNH:0
FNDA:0,(anonymous_0)
DA:6,1
DA:115,0
DA:116,0
LF:3
LH:1
BRF:0
BRH:0
end_of_record
TN:
SF:/home/dimo/git/mist-list/mist-filter.js
FN:247,(anonymous_0)
FN:255,(anonymous_1)
FN:262,(anonymous_2)
FN:302,(anonymous_3)
FN:306,(anonymous_4)
FN:357,(anonymous_5)
FN:365,(anonymous_6)
FN:372,(anonymous_7)
FN:387,(anonymous_8)
FN:401,(anonymous_9)
FN:411,(anonymous_10)
FN:416,(anonymous_11)
FN:423,(anonymous_12)
FN:428,(anonymous_13)
FN:432,(anonymous_14)
FN:433,(anonymous_15)
FN:446,(anonymous_16)
FN:457,(anonymous_17)
FN:478,(anonymous_18)
FN:483,(anonymous_19)
FN:487,(anonymous_20)
FN:493,(anonymous_21)
FN:502,(anonymous_22)
FN:509,(anonymous_23)
FN:514,(anonymous_24)
FN:518,(anonymous_25)
FN:522,(anonymous_26)
FN:542,(anonymous_27)
FN:549,(anonymous_28)
FN:552,(anonymous_29)
FN:561,(anonymous_30)
FN:569,(anonymous_31)
FN:578,(anonymous_32)
FN:584,(anonymous_33)
FN:588,(anonymous_34)
FN:592,(anonymous_35)
FN:602,(anonymous_36)
FNF:37
FNH:14
FNDA:1,(anonymous_0)
FNDA:1,(anonymous_1)
FNDA:1,(anonymous_2)
FNDA:0,(anonymous_3)
FNDA:0,(anonymous_4)
FNDA:1,(anonymous_5)
FNDA:1,(anonymous_6)
FNDA:0,(anonymous_7)
FNDA:0,(anonymous_8)
FNDA:0,(anonymous_9)
FNDA:3,(anonymous_10)
FNDA:0,(anonymous_11)
FNDA:0,(anonymous_12)
FNDA:0,(anonymous_13)
FNDA:0,(anonymous_14)
FNDA:0,(anonymous_15)
FNDA:0,(anonymous_16)
FNDA:1,(anonymous_17)
FNDA:0,(anonymous_18)
FNDA:3,(anonymous_19)
FNDA:1,(anonymous_20)
FNDA:0,(anonymous_21)
FNDA:0,(anonymous_22)
FNDA:0,(anonymous_23)
FNDA:0,(anonymous_24)
FNDA:0,(anonymous_25)
FNDA:0,(anonymous_26)
FNDA:0,(anonymous_27)
FNDA:0,(anonymous_28)
FNDA:0,(anonymous_29)
FNDA:0,(anonymous_30)
FNDA:0,(anonymous_31)
FNDA:2,(anonymous_32)
FNDA:2,(anonymous_33)
FNDA:2,(anonymous_34)
FNDA:1,(anonymous_35)
FNDA:2,(anonymous_36)
DA:12,1
DA:248,1
DA:256,1
DA:263,1
DA:303,0
DA:312,0
DA:313,0
DA:316,0
DA:320,0
DA:321,0
DA:323,0
DA:325,0
DA:326,0
DA:327,0
DA:328,0
DA:329,0
DA:330,0
DA:332,0
DA:334,0
DA:336,0
DA:338,0
DA:342,0
DA:345,0
DA:346,0
DA:347,0
DA:349,0
DA:353,0
DA:359,1
DA:360,0
DA:361,0
DA:366,1
DA:367,0
DA:368,0
DA:374,0
DA:375,0
DA:379,0
DA:381,0
DA:382,0
DA:383,0
DA:384,0
DA:389,0
DA:390,0
DA:394,0
DA:396,0
DA:397,0
DA:398,0
DA:402,0
DA:403,0
DA:405,0
DA:406,0
DA:408,0
DA:412,3
DA:413,3
DA:415,0
DA:416,0
DA:417,0
DA:418,0
DA:420,0
DA:424,0
DA:425,0
DA:429,0
DA:433,0
DA:434,0
DA:439,0
DA:440,0
DA:441,0
DA:442,0
DA:447,0
DA:448,0
DA:449,0
DA:450,0
DA:452,0
DA:453,0
DA:459,1
DA:460,0
DA:464,1
DA:466,1
DA:467,1
DA:468,1
DA:469,0
DA:471,1
DA:472,0
DA:474,1
DA:480,0
DA:484,3
DA:488,1
DA:489,1
DA:490,1
DA:494,0
DA:495,0
DA:496,0
DA:497,0
DA:503,0
DA:507,0
DA:509,0
DA:510,0
DA:515,0
DA:518,0
DA:524,0
DA:526,0
DA:527,0
DA:530,0
DA:533,0
DA:534,0
DA:536,0
DA:537,0
DA:544,0
DA:545,0
DA:550,0
DA:551,0
DA:552,0
DA:553,0
DA:557,0
DA:558,0
DA:562,0
DA:564,0
DA:565,0
DA:566,0
DA:571,0
DA:573,0
DA:575,0
DA:579,2
DA:580,0
DA:581,0
DA:585,2
DA:589,2
DA:593,1
DA:594,0
DA:596,1
DA:597,1
DA:599,0
DA:603,2
LF:132
LH:26
BRDA:312,0,0,0
BRDA:312,0,1,0
BRDA:326,1,0,0
BRDA:326,1,1,0
BRDA:328,2,0,0
BRDA:328,2,1,0
BRDA:338,3,0,0
BRDA:338,3,1,0
BRDA:339,4,0,0
BRDA:339,4,1,0
BRDA:345,5,0,0
BRDA:345,5,1,0
BRDA:359,6,0,0
BRDA:359,6,1,1
BRDA:359,7,0,1
BRDA:359,7,1,0
BRDA:359,7,2,0
BRDA:359,7,3,0
BRDA:366,8,0,0
BRDA:366,8,1,1
BRDA:374,9,0,0
BRDA:374,9,1,0
BRDA:389,10,0,0
BRDA:389,10,1,0
BRDA:402,11,0,0
BRDA:402,11,1,0
BRDA:402,12,0,0
BRDA:402,12,1,0
BRDA:405,13,0,0
BRDA:405,13,1,0
BRDA:412,14,0,3
BRDA:412,14,1,0
BRDA:412,15,0,3
BRDA:412,15,1,0
BRDA:413,16,0,0
BRDA:413,16,1,3
BRDA:413,17,0,3
BRDA:413,17,1,0
BRDA:417,18,0,0
BRDA:417,18,1,0
BRDA:420,19,0,0
BRDA:420,19,1,0
BRDA:433,20,0,0
BRDA:433,20,1,0
BRDA:449,21,0,0
BRDA:449,21,1,0
BRDA:452,22,0,0
BRDA:452,22,1,0
BRDA:452,23,0,0
BRDA:452,23,1,0
BRDA:459,24,0,0
BRDA:459,24,1,1
BRDA:466,25,0,1
BRDA:466,25,1,0
BRDA:466,26,0,1
BRDA:466,26,1,1
BRDA:468,27,0,0
BRDA:468,27,1,1
BRDA:471,28,0,0
BRDA:471,28,1,1
BRDA:471,29,0,1
BRDA:471,29,1,1
BRDA:484,30,0,3
BRDA:484,30,1,0
BRDA:484,30,2,0
BRDA:488,31,0,1
BRDA:488,31,1,0
BRDA:489,32,0,1
BRDA:489,32,1,0
BRDA:494,33,0,0
BRDA:494,33,1,0
BRDA:496,34,0,0
BRDA:496,34,1,0
BRDA:503,35,0,0
BRDA:503,35,1,0
BRDA:504,36,0,0
BRDA:504,36,1,0
BRDA:510,37,0,0
BRDA:510,37,1,0
BRDA:516,38,0,0
BRDA:516,38,1,0
BRDA:516,38,2,0
BRDA:524,39,0,0
BRDA:524,39,1,0
BRDA:526,40,0,0
BRDA:526,40,1,0
BRDA:533,41,0,0
BRDA:533,41,1,0
BRDA:533,42,0,0
BRDA:533,42,1,0
BRDA:536,43,0,0
BRDA:536,43,1,0
BRDA:544,44,0,0
BRDA:544,44,1,0
BRDA:544,45,0,0
BRDA:544,45,1,0
BRDA:550,46,0,0
BRDA:550,46,1,0
BRDA:571,47,0,0
BRDA:571,47,1,0
BRDA:571,48,0,0
BRDA:571,48,1,0
BRDA:579,49,0,2
BRDA:579,49,1,0
BRDA:580,50,0,0
BRDA:580,50,1,0
BRDA:585,51,0,0
BRDA:585,51,1,2
BRDA:593,52,0,0
BRDA:593,52,1,1
BRDA:593,53,0,1
BRDA:593,53,1,0
BRDA:596,54,0,1
BRDA:596,54,1,0
BRDA:596,55,0,1
BRDA:596,55,1,1
BRDA:603,56,0,2
BRDA:603,56,1,0
BRF:118
BRH:26
end_of_record
TN:
SF:/home/dimo/git/mist-list/mist-list-actions.js
FN:129,(anonymous_0)
FN:136,(anonymous_1)
FN:152,(anonymous_2)
FN:156,(anonymous_3)
FN:168,(anonymous_4)
FN:174,(anonymous_5)
FN:179,(anonymous_6)
FN:184,(anonymous_7)
FN:188,(anonymous_8)
FNF:9
FNH:0
FNDA:0,(anonymous_0)
FNDA:0,(anonymous_1)
FNDA:0,(anonymous_2)
FNDA:0,(anonymous_3)
FNDA:0,(anonymous_4)
FNDA:0,(anonymous_5)
FNDA:0,(anonymous_6)
FNDA:0,(anonymous_7)
FNDA:0,(anonymous_8)
DA:7,1
DA:130,0
DA:137,0
DA:153,0
DA:157,0
DA:158,0
DA:160,0
DA:161,0
DA:162,0
DA:169,0
DA:170,0
DA:175,0
DA:176,0
DA:180,0
DA:181,0
DA:185,0
DA:189,0
LF:17
LH:1
BRDA:157,0,0,0
BRDA:157,0,1,0
BRDA:160,1,0,0
BRDA:160,1,1,0
BRDA:169,2,0,0
BRDA:169,2,1,0
BRDA:175,3,0,0
BRDA:175,3,1,0
BRDA:180,4,0,0
BRDA:180,4,1,0
BRF:10
BRH:0
end_of_record
TN:
SF:/home/dimo/git/mist-list/mist-list.js
FN:722,(anonymous_0)
FN:746,(anonymous_1)
FN:753,(anonymous_2)
FN:760,(anonymous_3)
FN:780,(anonymous_4)
FN:787,(anonymous_5)
FN:794,(anonymous_6)
FN:812,(anonymous_7)
FN:919,(anonymous_8)
FN:937,(anonymous_9)
FN:996,(anonymous_10)
FN:1000,(anonymous_11)
FN:1006,(anonymous_12)
FN:1036,(anonymous_13)
FN:1041,(anonymous_14)
FN:1050,(anonymous_15)
FN:1058,(anonymous_16)
FN:1062,(anonymous_17)
FN:1067,(anonymous_18)
FN:1075,(anonymous_19)
FN:1079,(anonymous_20)
FN:1091,(anonymous_21)
FN:1100,(anonymous_22)
FN:1104,(anonymous_23)
FN:1111,(anonymous_24)
FN:1145,(anonymous_25)
FN:1162,(anonymous_26)
FN:1166,(anonymous_27)
FN:1176,(anonymous_28)
FN:1180,(anonymous_29)
FN:1186,(anonymous_30)
FN:1195,(anonymous_31)
FN:1203,(anonymous_32)
FN:1210,(anonymous_33)
FN:1216,(anonymous_34)
FN:1226,(anonymous_35)
FN:1238,(anonymous_36)
FN:1290,(anonymous_37)
FN:1301,(anonymous_38)
FN:1329,(anonymous_39)
FN:1336,(anonymous_40)
FN:1347,(anonymous_41)
FN:1355,(anonymous_42)
FN:1367,(anonymous_43)
FN:1371,(anonymous_44)
FN:1375,(anonymous_45)
FN:1379,(anonymous_46)
FN:1388,(anonymous_47)
FN:1392,(anonymous_48)
FN:1396,(anonymous_49)
FN:1403,(anonymous_50)
FN:1417,(anonymous_51)
FN:1429,(anonymous_52)
FN:1433,(anonymous_53)
FN:1441,(anonymous_54)
FN:1449,(anonymous_55)
FN:1457,(anonymous_56)
FN:1461,(anonymous_57)
FN:1470,(anonymous_58)
FN:1475,(anonymous_59)
FN:1480,(anonymous_60)
FN:1485,(anonymous_61)
FN:1490,(anonymous_62)
FN:1504,(anonymous_63)
FN:1510,(anonymous_64)
FN:1514,(anonymous_65)
FN:1518,(anonymous_66)
FN:1522,(anonymous_67)
FN:1526,(anonymous_68)
FN:1530,(anonymous_69)
FN:1534,(anonymous_70)
FN:1541,(anonymous_71)
FN:1547,(anonymous_72)
FN:1552,(anonymous_73)
FN:1557,(anonymous_74)
FN:1562,(anonymous_75)
FN:1570,(anonymous_76)
FN:1575,(anonymous_77)
FN:1579,(anonymous_78)
FN:1583,(anonymous_79)
FN:1597,(anonymous_80)
FN:1607,(anonymous_81)
FN:1612,(anonymous_82)
FN:1617,(anonymous_83)
FN:1628,(anonymous_84)
FN:1632,(anonymous_85)
FNF:86
FNH:28
FNDA:1,(anonymous_0)
FNDA:1,(anonymous_1)
FNDA:1,(anonymous_2)
FNDA:1,(anonymous_3)
FNDA:1,(anonymous_4)
FNDA:1,(anonymous_5)
FNDA:1,(anonymous_6)
FNDA:1,(anonymous_7)
FNDA:1,(anonymous_8)
FNDA:1,(anonymous_9)
FNDA:1,(anonymous_10)
FNDA:0,(anonymous_11)
FNDA:0,(anonymous_12)
FNDA:0,(anonymous_13)
FNDA:1,(anonymous_14)
FNDA:0,(anonymous_15)
FNDA:0,(anonymous_16)
FNDA:0,(anonymous_17)
FNDA:0,(anonymous_18)
FNDA:1,(anonymous_19)
FNDA:2,(anonymous_20)
FNDA:0,(anonymous_21)
FNDA:0,(anonymous_22)
FNDA:0,(anonymous_23)
FNDA:0,(anonymous_24)
FNDA:3,(anonymous_25)
FNDA:0,(anonymous_26)
FNDA:0,(anonymous_27)
FNDA:0,(anonymous_28)
FNDA:3,(anonymous_29)
FNDA:0,(anonymous_30)
FNDA:0,(anonymous_31)
FNDA:0,(anonymous_32)
FNDA:0,(anonymous_33)
FNDA:0,(anonymous_34)
FNDA:0,(anonymous_35)
FNDA:0,(anonymous_36)
FNDA:0,(anonymous_37)
FNDA:1,(anonymous_38)
FNDA:0,(anonymous_39)
FNDA:0,(anonymous_40)
FNDA:6,(anonymous_41)
FNDA:6,(anonymous_42)
FNDA:0,(anonymous_43)
FNDA:0,(anonymous_44)
FNDA:0,(anonymous_45)
FNDA:0,(anonymous_46)
FNDA:3,(anonymous_47)
FNDA:0,(anonymous_48)
FNDA:0,(anonymous_49)
FNDA:0,(anonymous_50)
FNDA:0,(anonymous_51)
FNDA:0,(anonymous_52)
FNDA:0,(anonymous_53)
FNDA:1,(anonymous_54)
FNDA:2,(anonymous_55)
FNDA:3,(anonymous_56)
FNDA:0,(anonymous_57)
FNDA:0,(anonymous_58)
FNDA:0,(anonymous_59)
FNDA:0,(anonymous_60)
FNDA:0,(anonymous_61)
FNDA:0,(anonymous_62)
FNDA:0,(anonymous_63)
FNDA:1,(anonymous_64)
FNDA:0,(anonymous_65)
FNDA:2,(anonymous_66)
FNDA:0,(anonymous_67)
FNDA:0,(anonymous_68)
FNDA:0,(anonymous_69)
FNDA:0,(anonymous_70)
FNDA:0,(anonymous_71)
FNDA:0,(anonymous_72)
FNDA:0,(anonymous_73)
FNDA:0,(anonymous_74)
FNDA:0,(anonymous_75)
FNDA:2,(anonymous_76)
FNDA:0,(anonymous_77)
FNDA:0,(anonymous_78)
FNDA:0,(anonymous_79)
FNDA:3,(anonymous_80)
FNDA:0,(anonymous_81)
FNDA:0,(anonymous_82)
FNDA:0,(anonymous_83)
FNDA:0,(anonymous_84)
FNDA:2,(anonymous_85)
DA:23,1
DA:25,1
DA:72,1
DA:73,1
DA:723,1
DA:747,1
DA:754,1
DA:761,1
DA:781,1
DA:788,1
DA:795,1
DA:813,1
DA:920,1
DA:938,1
DA:997,1
DA:998,1
DA:1000,0
DA:1001,0
DA:1003,0
DA:1004,0
DA:1006,0
DA:1007,0
DA:1011,1
DA:1012,0
DA:1015,1
DA:1016,1
DA:1017,0
DA:1020,1
DA:1021,1
DA:1024,0
DA:1027,1
DA:1030,1
DA:1032,1
DA:1033,0
DA:1036,1
DA:1037,0
DA:1042,1
DA:1043,0
DA:1045,1
DA:1046,0
DA:1051,0
DA:1052,0
DA:1054,0
DA:1059,0
DA:1063,0
DA:1064,0
DA:1065,0
DA:1068,0
DA:1076,1
DA:1080,2
DA:1085,2
DA:1087,0
DA:1092,0
DA:1093,0
DA:1094,0
DA:1096,0
DA:1102,0
DA:1105,0
DA:1112,0
DA:1113,0
DA:1115,0
DA:1117,0
DA:1118,0
DA:1119,0
DA:1120,0
DA:1123,0
DA:1124,0
DA:1126,0
DA:1127,0
DA:1130,0
DA:1131,0
DA:1133,0
DA:1134,0
DA:1135,0
DA:1136,0
DA:1140,0
DA:1141,0
DA:1142,0
DA:1147,3
DA:1148,3
DA:1151,0
DA:1153,3
DA:1154,0
DA:1156,3
DA:1157,0
DA:1159,3
DA:1164,0
DA:1167,0
DA:1168,0
DA:1169,0
DA:1177,0
DA:1182,3
DA:1184,1
DA:1188,0
DA:1189,0
DA:1190,0
DA:1193,0
DA:1195,0
DA:1196,0
DA:1199,0
DA:1201,0
DA:1204,0
DA:1205,0
DA:1208,0
DA:1209,0
DA:1210,0
DA:1212,0
DA:1214,0
DA:1216,0
DA:1217,0
DA:1224,0
DA:1227,0
DA:1239,0
DA:1241,0
DA:1242,0
DA:1244,0
DA:1245,0
DA:1247,0
DA:1249,0
DA:1251,0
DA:1260,0
DA:1261,0
DA:1262,0
DA:1263,0
DA:1264,0
DA:1265,0
DA:1266,0
DA:1268,0
DA:1274,0
DA:1276,0
DA:1278,0
DA:1283,0
DA:1287,0
DA:1291,0
DA:1292,0
DA:1294,0
DA:1295,0
DA:1298,0
DA:1302,1
DA:1303,1
DA:1304,1
DA:1306,1
DA:1309,1
DA:1310,6
DA:1311,6
DA:1312,6
DA:1314,6
DA:1315,15
DA:1318,1
DA:1320,1
DA:1322,0
DA:1323,0
DA:1324,0
DA:1329,1
DA:1330,0
DA:1332,1
DA:1338,0
DA:1339,0
DA:1341,0
DA:1342,0
DA:1343,0
DA:1348,6
DA:1349,0
DA:1350,0
DA:1352,6
DA:1356,6
DA:1357,0
DA:1358,0
DA:1359,0
DA:1361,0
DA:1362,0
DA:1364,6
DA:1368,0
DA:1372,0
DA:1376,0
DA:1380,0
DA:1381,0
DA:1383,0
DA:1385,0
DA:1389,3
DA:1397,0
DA:1398,0
DA:1399,0
DA:1400,0
DA:1401,0
DA:1403,0
DA:1404,0
DA:1409,0
DA:1413,0
DA:1414,0
DA:1419,0
DA:1420,0
DA:1422,0
DA:1423,0
DA:1424,0
DA:1425,0
DA:1430,0
DA:1434,0
DA:1435,0
DA:1436,0
DA:1437,0
DA:1442,1
DA:1443,0
DA:1444,1
DA:1445,1
DA:1450,2
DA:1451,0
DA:1452,2
DA:1453,0
DA:1458,3
DA:1463,0
DA:1464,0
DA:1465,0
DA:1466,0
DA:1467,0
DA:1471,0
DA:1472,0
DA:1476,0
DA:1477,0
DA:1481,0
DA:1482,0
DA:1486,0
DA:1488,0
DA:1490,0
DA:1491,0
DA:1492,0
DA:1493,0
DA:1495,0
DA:1496,0
DA:1498,0
DA:1499,0
DA:1505,0
DA:1506,0
DA:1507,0
DA:1511,1
DA:1515,0
DA:1519,2
DA:1523,0
DA:1527,0
DA:1531,0
DA:1535,0
DA:1536,0
DA:1537,0
DA:1538,0
DA:1542,0
DA:1548,0
DA:1549,0
DA:1553,0
DA:1554,0
DA:1558,0
DA:1559,0
DA:1564,0
DA:1565,0
DA:1572,2
DA:1577,0
DA:1581,0
DA:1583,0
DA:1585,0
DA:1586,0
DA:1589,0
DA:1594,0
DA:1598,3
DA:1600,3
DA:1601,0
DA:1604,3
DA:1608,0
DA:1609,0
DA:1613,0
DA:1614,0
DA:1618,0
DA:1620,0
DA:1621,0
DA:1622,0
DA:1623,0
DA:1629,0
DA:1633,2
DA:1634,0
LF:277
LH:69
BRDA:998,0,0,0
BRDA:998,0,1,1
BRDA:1011,1,0,0
BRDA:1011,1,1,1
BRDA:1016,2,0,0
BRDA:1016,2,1,1
BRDA:1021,3,0,0
BRDA:1021,3,1,1
BRDA:1021,4,0,1
BRDA:1021,4,1,0
BRDA:1032,5,0,0
BRDA:1032,5,1,1
BRDA:1042,6,0,0
BRDA:1042,6,1,1
BRDA:1045,7,0,0
BRDA:1045,7,1,1
BRDA:1051,8,0,0
BRDA:1051,8,1,0
BRDA:1063,9,0,0
BRDA:1063,9,1,0
BRDA:1063,10,0,0
BRDA:1063,10,1,0
BRDA:1076,11,0,1
BRDA:1076,11,1,0
BRDA:1080,12,0,2
BRDA:1080,12,1,0
BRDA:1081,13,0,2
BRDA:1081,13,1,2
BRDA:1081,13,2,1
BRDA:1081,13,3,1
BRDA:1081,13,4,1
BRDA:1081,13,5,1
BRDA:1081,14,0,2
BRDA:1081,14,1,2
BRDA:1093,15,0,0
BRDA:1093,15,1,0
BRDA:1093,16,0,0
BRDA:1093,16,1,0
BRDA:1093,16,2,0
BRDA:1112,17,0,0
BRDA:1112,17,1,0
BRDA:1117,18,0,0
BRDA:1117,18,1,0
BRDA:1117,18,2,0
BRDA:1124,19,0,0
BRDA:1124,19,1,0
BRDA:1130,20,0,0
BRDA:1130,20,1,0
BRDA:1133,21,0,0
BRDA:1133,21,1,0
BRDA:1136,22,0,0
BRDA:1136,22,1,0
BRDA:1137,23,0,0
BRDA:1137,23,1,0
BRDA:1153,24,0,0
BRDA:1153,24,1,3
BRDA:1156,25,0,0
BRDA:1156,25,1,3
BRDA:1167,26,0,0
BRDA:1167,26,1,0
BRDA:1168,27,0,0
BRDA:1168,27,1,0
BRDA:1182,28,0,1
BRDA:1182,28,1,2
BRDA:1199,29,0,0
BRDA:1199,29,1,0
BRDA:1212,30,0,0
BRDA:1212,30,1,0
BRDA:1239,31,0,0
BRDA:1239,31,1,0
BRDA:1241,32,0,0
BRDA:1241,32,1,0
BRDA:1244,33,0,0
BRDA:1244,33,1,0
BRDA:1249,34,0,0
BRDA:1249,34,1,0
BRDA:1261,35,0,0
BRDA:1261,35,1,0
BRDA:1261,36,0,0
BRDA:1261,36,1,0
BRDA:1262,37,0,0
BRDA:1262,37,1,0
BRDA:1266,38,0,0
BRDA:1266,38,1,0
BRDA:1268,39,0,0
BRDA:1268,39,1,0
BRDA:1269,40,0,0
BRDA:1269,40,1,0
BRDA:1278,41,0,0
BRDA:1278,41,1,0
BRDA:1292,42,0,0
BRDA:1292,42,1,0
BRDA:1292,43,0,0
BRDA:1292,43,1,0
BRDA:1302,44,0,1
BRDA:1302,44,1,0
BRDA:1306,45,0,1
BRDA:1306,45,1,0
BRDA:1306,46,0,1
BRDA:1306,46,1,1
BRDA:1311,47,0,0
BRDA:1311,47,1,6
BRDA:1312,48,0,6
BRDA:1312,48,1,0
BRDA:1320,49,0,0
BRDA:1320,49,1,1
BRDA:1320,50,0,1
BRDA:1320,50,1,0
BRDA:1323,51,0,0
BRDA:1323,51,1,0
BRDA:1330,52,0,0
BRDA:1330,52,1,0
BRDA:1339,53,0,0
BRDA:1339,53,1,0
BRDA:1339,54,0,0
BRDA:1339,54,1,0
BRDA:1341,55,0,0
BRDA:1341,55,1,0
BRDA:1342,56,0,0
BRDA:1342,56,1,0
BRDA:1348,57,0,0
BRDA:1348,57,1,6
BRDA:1348,58,0,6
BRDA:1348,58,1,0
BRDA:1349,59,0,0
BRDA:1349,59,1,0
BRDA:1356,60,0,0
BRDA:1356,60,1,6
BRDA:1357,61,0,0
BRDA:1357,61,1,0
BRDA:1358,62,0,0
BRDA:1358,62,1,0
BRDA:1359,63,0,0
BRDA:1359,63,1,0
BRDA:1362,64,0,0
BRDA:1362,64,1,0
BRDA:1372,65,0,0
BRDA:1372,65,1,0
BRDA:1376,66,0,0
BRDA:1376,66,1,0
BRDA:1380,67,0,0
BRDA:1380,67,1,0
BRDA:1404,68,0,0
BRDA:1404,68,1,0
BRDA:1405,69,0,0
BRDA:1405,69,1,0
BRDA:1405,69,2,0
BRDA:1419,70,0,0
BRDA:1419,70,1,0
BRDA:1419,71,0,0
BRDA:1419,71,1,0
BRDA:1423,72,0,0
BRDA:1423,72,1,0
BRDA:1423,73,0,0
BRDA:1423,73,1,0
BRDA:1434,74,0,0
BRDA:1434,74,1,0
BRDA:1434,75,0,0
BRDA:1434,75,1,0
BRDA:1436,76,0,0
BRDA:1436,76,1,0
BRDA:1436,77,0,0
BRDA:1436,77,1,0
BRDA:1442,78,0,0
BRDA:1442,78,1,1
BRDA:1442,79,0,1
BRDA:1442,79,1,0
BRDA:1444,80,0,1
BRDA:1444,80,1,0
BRDA:1444,81,0,1
BRDA:1444,81,1,1
BRDA:1450,82,0,0
BRDA:1450,82,1,2
BRDA:1450,83,0,2
BRDA:1450,83,1,0
BRDA:1450,83,2,0
BRDA:1452,84,0,0
BRDA:1452,84,1,2
BRDA:1452,85,0,2
BRDA:1452,85,1,0
BRDA:1452,85,2,0
BRDA:1458,86,0,3
BRDA:1458,86,1,0
BRDA:1464,87,0,0
BRDA:1464,87,1,0
BRDA:1466,88,0,0
BRDA:1466,88,1,0
BRDA:1471,89,0,0
BRDA:1471,89,1,0
BRDA:1476,90,0,0
BRDA:1476,90,1,0
BRDA:1476,91,0,0
BRDA:1476,91,1,0
BRDA:1476,91,2,0
BRDA:1477,92,0,0
BRDA:1477,92,1,0
BRDA:1481,93,0,0
BRDA:1481,93,1,0
BRDA:1486,94,0,0
BRDA:1486,94,1,0
BRDA:1488,95,0,0
BRDA:1488,95,1,0
BRDA:1491,96,0,0
BRDA:1491,96,1,0
BRDA:1491,97,0,0
BRDA:1491,97,1,0
BRDA:1505,98,0,0
BRDA:1505,98,1,0
BRDA:1505,99,0,0
BRDA:1505,99,1,0
BRDA:1505,99,2,0
BRDA:1506,100,0,0
BRDA:1506,100,1,0
BRDA:1511,101,0,1
BRDA:1511,101,1,1
BRDA:1519,102,0,2
BRDA:1519,102,1,0
BRDA:1519,102,2,0
BRDA:1519,102,3,0
BRDA:1523,103,0,0
BRDA:1523,103,1,0
BRDA:1523,103,2,0
BRDA:1572,104,0,2
BRDA:1572,104,1,1
BRDA:1598,105,0,3
BRDA:1598,105,1,0
BRDA:1601,106,0,0
BRDA:1601,106,1,0
BRDA:1618,107,0,0
BRDA:1618,107,1,0
BRDA:1621,108,0,0
BRDA:1621,108,1,0
BRDA:1633,109,0,2
BRDA:1633,109,1,0
BRDA:1633,110,0,2
BRDA:1633,110,1,2
BRF:236
BRH:52
end_of_record
TN:
SF:/home/dimo/git/mist-list/rest-data-provider.js
FN:37,(anonymous_0)
FN:49,(anonymous_1)
FN:56,(anonymous_2)
FN:94,(anonymous_3)
FN:99,(anonymous_4)
FN:105,(anonymous_5)
FN:125,(anonymous_6)
FN:131,(anonymous_7)
FN:146,(anonymous_8)
FN:148,(anonymous_9)
FN:155,(anonymous_10)
FN:169,(anonymous_11)
FNF:12
FNH:0
FNDA:0,(anonymous_0)
FNDA:0,(anonymous_1)
FNDA:0,(anonymous_2)
FNDA:0,(anonymous_3)
FNDA:0,(anonymous_4)
FNDA:0,(anonymous_5)
FNDA:0,(anonymous_6)
FNDA:0,(anonymous_7)
FNDA:0,(anonymous_8)
FNDA:0,(anonymous_9)
FNDA:0,(anonymous_10)
FNDA:0,(anonymous_11)
DA:4,1
DA:38,0
DA:50,0
DA:57,0
DA:95,0
DA:97,0
DA:100,0
DA:101,0
DA:102,0
DA:103,0
DA:104,0
DA:105,0
DA:106,0
DA:107,0
DA:108,0
DA:109,0
DA:111,0
DA:112,0
DA:113,0
DA:114,0
DA:115,0
DA:116,0
DA:117,0
DA:119,0
DA:120,0
DA:123,0
DA:124,0
DA:125,0
DA:127,0
DA:128,0
DA:131,0
DA:132,0
DA:133,0
DA:135,0
DA:136,0
DA:137,0
DA:139,0
DA:140,0
DA:141,0
DA:143,0
DA:144,0
DA:146,0
DA:147,0
DA:148,0
DA:149,0
DA:152,0
DA:154,0
DA:155,0
DA:156,0
DA:158,0
DA:159,0
DA:160,0
DA:162,0
DA:163,0
DA:166,0
DA:167,0
DA:169,0
DA:170,0
DA:174,0
DA:177,0
DA:178,0
LF:61
LH:1
BRDA:95,0,0,0
BRDA:95,0,1,0
BRDA:95,1,0,0
BRDA:95,1,1,0
BRDA:106,2,0,0
BRDA:106,2,1,0
BRDA:107,3,0,0
BRDA:107,3,1,0
BRDA:114,4,0,0
BRDA:114,4,1,0
BRDA:116,5,0,0
BRDA:116,5,1,0
BRDA:119,6,0,0
BRDA:119,6,1,0
BRDA:123,7,0,0
BRDA:123,7,1,0
BRDA:123,8,0,0
BRDA:123,8,1,0
BRDA:125,9,0,0
BRDA:125,9,1,0
BRDA:127,10,0,0
BRDA:127,10,1,0
BRDA:132,11,0,0
BRDA:132,11,1,0
BRDA:132,12,0,0
BRDA:132,12,1,0
BRDA:135,13,0,0
BRDA:135,13,1,0
BRDA:141,14,0,0
BRDA:141,14,1,0
BRDA:144,15,0,0
BRDA:144,15,1,0
BRDA:144,16,0,0
BRDA:144,16,1,0
BRDA:156,17,0,0
BRDA:156,17,1,0
BRDA:159,18,0,0
BRDA:159,18,1,0
BRDA:159,19,0,0
BRDA:159,19,1,0
BRDA:162,20,0,0
BRDA:162,20,1,0
BRDA:162,21,0,0
BRDA:162,21,1,0
BRDA:167,22,0,0
BRDA:167,22,1,0
BRF:46
BRH:0
end_of_record
